# JRE version: OpenJDK Runtime Environment (8.0_112-b06) (build 1.8.0_112-release-b06)
# Java VM: OpenJDK 64-Bit Server VM (25.112-b06 mixed mode windows-amd64 compressed oops)
Heap:
 PSYoungGen      total 264704K, used 124999K [0x00000000e0000000, 0x00000000f3d80000, 0x0000000100000000)
  eden space 232960K, 42% used [0x00000000e0000000,0x00000000e606f048,0x00000000ee380000)
  from space 31744K, 82% used [0x00000000ee380000,0x00000000efd22d68,0x00000000f0280000)
  to   space 33792K, 0% used [0x00000000f1c80000,0x00000000f1c80000,0x00000000f3d80000)
 ParOldGen       total 153600K, used 50922K [0x00000000a0000000, 0x00000000a9600000, 0x00000000e0000000)
  object space 153600K, 33% used [0x00000000a0000000,0x00000000a31baaf0,0x00000000a9600000)
 Metaspace       used 83982K, capacity 88044K, committed 88320K, reserved 1126400K
  class space    used 10931K, capacity 11729K, committed 11776K, reserved 1048576K
GC Heap History (10 events):
Event: 52.808 GC heap before
{Heap before GC invocations=20 (full 3):
 PSYoungGen      total 189952K, used 189800K [0x00000000e0000000, 0x00000000ee480000, 0x0000000100000000)
  eden space 176128K, 100% used [0x00000000e0000000,0x00000000eac00000,0x00000000eac00000)
  from space 13824K, 98% used [0x00000000ed700000,0x00000000ee45a3b0,0x00000000ee480000)
  to   space 25600K, 0% used [0x00000000eb280000,0x00000000eb280000,0x00000000ecb80000)
 ParOldGen       total 153600K, used 49825K [0x00000000a0000000, 0x00000000a9600000, 0x00000000e0000000)
  object space 153600K, 32% used [0x00000000a0000000,0x00000000a30a8748,0x00000000a9600000)
 Metaspace       used 62530K, capacity 65110K, committed 65280K, reserved 1105920K
  class space    used 8329K, capacity 8910K, committed 8960K, reserved 1048576K
Event: 52.855 GC heap after
Heap after GC invocations=20 (full 3):
 PSYoungGen      total 208384K, used 25595K [0x00000000e0000000, 0x00000000f0480000, 0x0000000100000000)
  eden space 182784K, 0% used [0x00000000e0000000,0x00000000e0000000,0x00000000eb280000)
  from space 25600K, 99% used [0x00000000eb280000,0x00000000ecb7efa0,0x00000000ecb80000)
  to   space 29696K, 0% used [0x00000000ee780000,0x00000000ee780000,0x00000000f0480000)
 ParOldGen       total 153600K, used 50890K [0x00000000a0000000, 0x00000000a9600000, 0x00000000e0000000)
  object space 153600K, 33% used [0x00000000a0000000,0x00000000a31b2af0,0x00000000a9600000)
 Metaspace       used 62530K, capacity 65110K, committed 65280K, reserved 1105920K
  class space    used 8329K, capacity 8910K, committed 8960K, reserved 1048576K
}
Event: 55.349 GC heap before
{Heap before GC invocations=21 (full 3):
 PSYoungGen      total 208384K, used 208379K [0x00000000e0000000, 0x00000000f0480000, 0x0000000100000000)
  eden space 182784K, 100% used [0x00000000e0000000,0x00000000eb280000,0x00000000eb280000)
  from space 25600K, 99% used [0x00000000eb280000,0x00000000ecb7efa0,0x00000000ecb80000)
  to   space 29696K, 0% used [0x00000000ee780000,0x00000000ee780000,0x00000000f0480000)
 ParOldGen       total 153600K, used 50890K [0x00000000a0000000, 0x00000000a9600000, 0x00000000e0000000)
  object space 153600K, 33% used [0x00000000a0000000,0x00000000a31b2af0,0x00000000a9600000)
 Metaspace       used 62695K, capacity 65238K, committed 65536K, reserved 1105920K
  class space    used 8330K, capacity 8910K, committed 8960K, reserved 1048576K
Event: 55.381 GC heap after
Heap after GC invocations=21 (full 3):
 PSYoungGen      total 236032K, used 20844K [0x00000000e0000000, 0x00000000f0d00000, 0x0000000100000000)
  eden space 206336K, 0% used [0x00000000e0000000,0x00000000e0000000,0x00000000ec980000)
  from space 29696K, 70% used [0x00000000ee780000,0x00000000efbdb178,0x00000000f0480000)
  to   space 30720K, 0% used [0x00000000ec980000,0x00000000ec980000,0x00000000ee780000)
 ParOldGen       total 153600K, used 50898K [0x00000000a0000000, 0x00000000a9600000, 0x00000000e0000000)
  object space 153600K, 33% used [0x00000000a0000000,0x00000000a31b4af0,0x00000000a9600000)
 Metaspace       used 62695K, capacity 65238K, committed 65536K, reserved 1105920K
  class space    used 8330K, capacity 8910K, committed 8960K, reserved 1048576K
}
Event: 85.443 GC heap before
{Heap before GC invocations=22 (full 3):
 PSYoungGen      total 236032K, used 227180K [0x00000000e0000000, 0x00000000f0d00000, 0x0000000100000000)
  eden space 206336K, 100% used [0x00000000e0000000,0x00000000ec980000,0x00000000ec980000)
  from space 29696K, 70% used [0x00000000ee780000,0x00000000efbdb178,0x00000000f0480000)
  to   space 30720K, 0% used [0x00000000ec980000,0x00000000ec980000,0x00000000ee780000)
 ParOldGen       total 153600K, used 50898K [0x00000000a0000000, 0x00000000a9600000, 0x00000000e0000000)
  object space 153600K, 33% used [0x00000000a0000000,0x00000000a31b4af0,0x00000000a9600000)
 Metaspace       used 68729K, capacity 71592K, committed 71808K, reserved 1112064K
  class space    used 9126K, capacity 9776K, committed 9856K, reserved 1048576K
Event: 85.497 GC heap after
Heap after GC invocations=22 (full 3):
 PSYoungGen      total 237056K, used 18262K [0x00000000e0000000, 0x00000000f2380000, 0x0000000100000000)
  eden space 206336K, 0% used [0x00000000e0000000,0x00000000e0000000,0x00000000ec980000)
  from space 30720K, 59% used [0x00000000ec980000,0x00000000edb55bc0,0x00000000ee780000)
  to   space 30720K, 0% used [0x00000000f0580000,0x00000000f0580000,0x00000000f2380000)
 ParOldGen       total 153600K, used 50906K [0x00000000a0000000, 0x00000000a9600000, 0x00000000e0000000)
  object space 153600K, 33% used [0x00000000a0000000,0x00000000a31b6af0,0x00000000a9600000)
 Metaspace       used 68729K, capacity 71592K, committed 71808K, reserved 1112064K
  class space    used 9126K, capacity 9776K, committed 9856K, reserved 1048576K
}
Event: 101.994 GC heap before
{Heap before GC invocations=23 (full 3):
 PSYoungGen      total 237056K, used 224598K [0x00000000e0000000, 0x00000000f2380000, 0x0000000100000000)
  eden space 206336K, 100% used [0x00000000e0000000,0x00000000ec980000,0x00000000ec980000)
  from space 30720K, 59% used [0x00000000ec980000,0x00000000edb55bc0,0x00000000ee780000)
  to   space 30720K, 0% used [0x00000000f0580000,0x00000000f0580000,0x00000000f2380000)
 ParOldGen       total 153600K, used 50906K [0x00000000a0000000, 0x00000000a9600000, 0x00000000e0000000)
  object space 153600K, 33% used [0x00000000a0000000,0x00000000a31b6af0,0x00000000a9600000)
 Metaspace       used 74195K, capacity 77826K, committed 77952K, reserved 1116160K
  class space    used 9782K, capacity 10564K, committed 10624K, reserved 1048576K
Event: 102.047 GC heap after
Heap after GC invocations=23 (full 3):
 PSYoungGen      total 261632K, used 21746K [0x00000000e0000000, 0x00000000f2180000, 0x0000000100000000)
  eden space 232960K, 0% used [0x00000000e0000000,0x00000000e0000000,0x00000000ee380000)
  from space 28672K, 75% used [0x00000000f0580000,0x00000000f1abca20,0x00000000f2180000)
  to   space 31744K, 0% used [0x00000000ee380000,0x00000000ee380000,0x00000000f0280000)
 ParOldGen       total 153600K, used 50914K [0x00000000a0000000, 0x00000000a9600000, 0x00000000e0000000)
  object space 153600K, 33% used [0x00000000a0000000,0x00000000a31b8af0,0x00000000a9600000)
 Metaspace       used 74195K, capacity 77826K, committed 77952K, reserved 1116160K
  class space    used 9782K, capacity 10564K, committed 10624K, reserved 1048576K
}
Event: 641.700 GC heap before
{Heap before GC invocations=24 (full 3):
 PSYoungGen      total 261632K, used 254706K [0x00000000e0000000, 0x00000000f2180000, 0x0000000100000000)
  eden space 232960K, 100% used [0x00000000e0000000,0x00000000ee380000,0x00000000ee380000)
  from space 28672K, 75% used [0x00000000f0580000,0x00000000f1abca20,0x00000000f2180000)
  to   space 31744K, 0% used [0x00000000ee380000,0x00000000ee380000,0x00000000f0280000)
 ParOldGen       total 153600K, used 50914K [0x00000000a0000000, 0x00000000a9600000, 0x00000000e0000000)
  object space 153600K, 33% used [0x00000000a0000000,0x00000000a31b8af0,0x00000000a9600000)
 Metaspace       used 79441K, capacity 83406K, committed 83456K, reserved 1122304K
  class space    used 10494K, capacity 11258K, committed 11264K, reserved 1048576K
Event: 641.747 GC heap after
Heap after GC invocations=24 (full 3):
 PSYoungGen      total 264704K, used 26251K [0x00000000e0000000, 0x00000000f3d80000, 0x0000000100000000)
  eden space 232960K, 0% used [0x00000000e0000000,0x00000000e0000000,0x00000000ee380000)
  from space 31744K, 82% used [0x00000000ee380000,0x00000000efd22d68,0x00000000f0280000)
  to   space 33792K, 0% used [0x00000000f1c80000,0x00000000f1c80000,0x00000000f3d80000)
 ParOldGen       total 153600K, used 50922K [0x00000000a0000000, 0x00000000a9600000, 0x00000000e0000000)
  object space 153600K, 33% used [0x00000000a0000000,0x00000000a31baaf0,0x00000000a9600000)
 Metaspace       used 79441K, capacity 83406K, committed 83456K, reserved 1122304K
  class space    used 10494K, capacity 11258K, committed 11264K, reserved 1048576K
}

